STDOUT:
============================= test session starts =============================
platform win32 -- Python 3.12.9, pytest-8.2.0, pluggy-1.6.0 -- C:\Program Files\Python312\python.exe
cachedir: .pytest_cache
rootdir: C:\Users\amazi\.gemini\antigravity\scratch\incident-env
plugins: anyio-4.4.0
collecting ... collected 32 items

tests/test_env.py::TestReset::test_returns_observation PASSED            [  3%]
tests/test_env.py::TestReset::test_all_tasks_resetable PASSED            [  6%]
tests/test_env.py::TestReset::test_unknown_task_raises PASSED            [  9%]
tests/test_env.py::TestReset::test_reset_clears_state PASSED             [ 12%]
tests/test_env.py::TestStep::test_step_before_reset_raises PASSED        [ 15%]
tests/test_env.py::TestStep::test_reward_in_bounds PASSED                [ 18%]
tests/test_env.py::TestStep::test_step_increments_counter PASSED         [ 21%]
tests/test_env.py::TestStep::test_unknown_diagnostic_penalized PASSED    [ 25%]
tests/test_env.py::TestStep::test_repeated_diagnostic_penalized PASSED   [ 28%]
tests/test_env.py::TestStep::test_wrong_fix_penalized PASSED             [ 31%]
tests/test_env.py::TestStep::test_correct_fix_resolves_easy PASSED       [ 34%]
tests/test_env.py::TestStep::test_done_at_max_steps PASSED               [ 37%]
tests/test_env.py::TestStep::test_observation_updates_each_step PASSED   [ 40%]
tests/test_env.py::TestStep::test_status_transitions PASSED              [ 43%]
tests/test_env.py::TestState::test_state_before_reset_raises PASSED      [ 46%]
tests/test_env.py::TestState::test_state_tracks_discoveries PASSED       [ 50%]
tests/test_env.py::TestState::test_state_tracks_fixes PASSED             [ 53%]
tests/test_env.py::TestGraders::test_easy_perfect_run PASSED             [ 56%]
tests/test_env.py::TestGraders::test_easy_wrong_fix_reduces_score PASSED [ 59%]
tests/test_env.py::TestGraders::test_medium_correct_path PASSED          [ 62%]
tests/test_env.py::TestGraders::test_hard_requires_postmortem PASSED     [ 65%]
tests/test_env.py::TestGraders::test_hard_with_postmortem_resolves PASSED [ 68%]
tests/test_env.py::TestGraders::test_hard_score_components PASSED        [ 71%]
tests/test_env.py::TestGraders::test_unknown_task_grader_raises PASSED   [ 75%]
tests/test_env.py::TestPostmortemScorer::test_empty_returns_zero PASSED  [ 78%]
tests/test_env.py::TestPostmortemScorer::test_too_short_returns_zero PASSED [ 81%]
tests/test_env.py::TestPostmortemScorer::test_full_postmortem_scores_high PASSED [ 84%]
tests/test_env.py::TestPostmortemScorer::test_partial_postmortem_partial_score FAILED [ 87%]
tests/test_env.py::TestPostmortemScorer::test_long_postmortem_bonus PASSED [ 90%]
tests/test_env.py::TestFullEpisodes::test_easy_episode_runs_to_completion PASSED [ 93%]
tests/test_env.py::TestFullEpisodes::test_episode_info_keys PASSED       [ 96%]
tests/test_env.py::TestFullEpisodes::test_grade_low_for_no_action PASSED [100%]

================================== FAILURES ===================================
_________ TestPostmortemScorer.test_partial_postmortem_partial_score __________
tests\test_env.py:278: in test_partial_postmortem_partial_score
    assert 0.1 <= score < 0.8
E   assert 0.1 <= 0.0
=========================== short test summary info ===========================
FAILED tests/test_env.py::TestPostmortemScorer::test_partial_postmortem_partial_score
======================== 1 failed, 31 passed in 0.24s =========================

